<?xml version="1.0" encoding="UTF-8" ?>
<testsuite failures="0" time="0.005" errors="0" skipped="0" tests="3" name="de.schdef.slashcoding.jnario.example.TaschenrechnerFeature">
  <properties>
[...]
</properties>
  <testcase time="0.001" classname="de.schdef.slashcoding.jnario.example.TaschenrechnerFeatureZweiZahlenZusammenz\u00C3Hlen" name="Given ein Taschenrechner"/>
  <testcase time="0" classname="de.schdef.slashcoding.jnario.example.TaschenrechnerFeatureZweiZahlenZusammenz\u00C3Hlen" name="When ich zwei Zahlen \&quot;20\&quot; und \&quot;70\&quot; eingebe und auf Addieren dr\u00C3\u00BCcke"/>
  <testcase time="0.004" classname="de.schdef.slashcoding.jnario.example.TaschenrechnerFeatureZweiZahlenZusammenz\u00C3Hlen" name="Then wird die Summe \&quot;90\&quot; wird angezeigt"/>
</testsuite>